<?xml version="1.0" encoding="UTF-8"?>
<!-- Generated by org.testng.reporters.JUnitReportReporter -->
<testsuite hostname="LAPTOP-I3T5M93D" failures="0" tests="1" name="testPackage.ActitimeTestValidLogin" time="7.160" errors="0" timestamp="2023-02-01T22:12:20 IST" skipped="0">
  <testcase classname="testPackage.ActitimeTestValidLogin" name="validTest" time="7.160"/>
  <system-out/>
</testsuite> <!-- testPackage.ActitimeTestValidLogin -->
