<?xml version="1.0" encoding="UTF-8"?>
<!-- Generated by org.testng.reporters.JUnitReportReporter -->
<testsuite hostname="LAPTOP-I3T5M93D" failures="0" tests="1" name="testPackage.TestActiTimeLogout" time="8.043" errors="0" timestamp="2023-02-01T22:12:20 IST" skipped="0">
  <testcase classname="testPackage.TestActiTimeLogout" name="logout" time="8.043"/>
  <system-out/>
</testsuite> <!-- testPackage.TestActiTimeLogout -->
